<?xml version="1.0" encoding="UTF-8"?>
<testng-results skipped="0" failed="0" ignored="0" total="1" passed="1">
  <reporter-output>
  </reporter-output>
  <suite name="Default suite" duration-ms="12153" started-at="2020-03-05T09:09:14Z" finished-at="2020-03-05T09:09:26Z">
    <groups>
    </groups>
    <test name="Default test" duration-ms="12153" started-at="2020-03-05T09:09:14Z" finished-at="2020-03-05T09:09:26Z">
      <class name="DemoWbShopTEST.FindByDEMO_Login">
        <test-method status="PASS" signature="checkLogin()[pri:0, instance:DemoWbShopTEST.FindByDEMO_Login@7c0e2abd]" name="checkLogin" duration-ms="12117" started-at="2020-03-05T09:09:14Z" finished-at="2020-03-05T09:09:26Z">
          <reporter-output>
          </reporter-output>
        </test-method> <!-- checkLogin -->
      </class> <!-- DemoWbShopTEST.FindByDEMO_Login -->
    </test> <!-- Default test -->
  </suite> <!-- Default suite -->
</testng-results>
